D:\TODELETE3\TODELETE3\DEBUG\SOURCE.OBJ
D:\TODELETE3\TODELETE3\DEBUG\VC110.PDB
D:\TODELETE3\DEBUG\TODELETE3.ILK
D:\TODELETE3\DEBUG\TODELETE3.EXE
D:\TODELETE3\DEBUG\TODELETE3.PDB
D:\todelete3\todelete3\Debug\Source.obj
D:\todelete3\todelete3\Debug\cl.command.1.tlog
D:\todelete3\todelete3\Debug\CL.read.1.tlog
D:\todelete3\todelete3\Debug\CL.write.1.tlog
D:\todelete3\todelete3\Debug\link-cvtres.read.1.tlog
D:\todelete3\todelete3\Debug\link-cvtres.write.1.tlog
D:\todelete3\todelete3\Debug\link-rc.read.1.tlog
D:\todelete3\todelete3\Debug\link-rc.write.1.tlog
D:\todelete3\todelete3\Debug\link.5228-cvtres.read.1.tlog
D:\todelete3\todelete3\Debug\link.5228-cvtres.write.1.tlog
D:\todelete3\todelete3\Debug\link.5228-rc.read.1.tlog
D:\todelete3\todelete3\Debug\link.5228-rc.write.1.tlog
D:\todelete3\todelete3\Debug\link.5228.read.1.tlog
D:\todelete3\todelete3\Debug\link.5228.write.1.tlog
D:\todelete3\todelete3\Debug\link.5252-cvtres.read.1.tlog
D:\todelete3\todelete3\Debug\link.5252-cvtres.write.1.tlog
D:\todelete3\todelete3\Debug\link.5252-rc.read.1.tlog
D:\todelete3\todelete3\Debug\link.5252-rc.write.1.tlog
D:\todelete3\todelete3\Debug\link.5252.read.1.tlog
D:\todelete3\todelete3\Debug\link.5252.write.1.tlog
D:\todelete3\todelete3\Debug\link.8500-cvtres.read.1.tlog
D:\todelete3\todelete3\Debug\link.8500-cvtres.write.1.tlog
D:\todelete3\todelete3\Debug\link.8500-rc.read.1.tlog
D:\todelete3\todelete3\Debug\link.8500-rc.write.1.tlog
D:\todelete3\todelete3\Debug\link.8500.read.1.tlog
D:\todelete3\todelete3\Debug\link.8500.write.1.tlog
D:\todelete3\todelete3\Debug\link.8680-cvtres.read.1.tlog
D:\todelete3\todelete3\Debug\link.8680-cvtres.write.1.tlog
D:\todelete3\todelete3\Debug\link.8680-rc.read.1.tlog
D:\todelete3\todelete3\Debug\link.8680-rc.write.1.tlog
D:\todelete3\todelete3\Debug\link.8680.read.1.tlog
D:\todelete3\todelete3\Debug\link.8680.write.1.tlog
D:\todelete3\todelete3\Debug\link.command.1.tlog
D:\todelete3\todelete3\Debug\link.read.1.tlog
D:\todelete3\todelete3\Debug\link.write.1.tlog
D:\todelete3\todelete3\Debug\vc110.idb
D:\todelete3\todelete3\Debug\vc110.pdb
D:\todelete3\Debug\todelete3.pdb
D:\todelete3\Debug\todelete3.exe
D:\todelete3\Debug\todelete3.ilk
